<?xml version="1.0" encoding="UTF-8"?>
<coverage generated="1775641226501" clover="3.2.0">
  <project timestamp="1775641226501" name="All files">
    <metrics statements="39" coveredstatements="39" conditionals="11" coveredconditionals="11" methods="9" coveredmethods="9" elements="59" coveredelements="59" complexity="0" loc="39" ncloc="39" packages="1" files="7" classes="7"/>
    <file name="Bowerman.js" path="C:\Users\a.burtseva\Desktop\Учеба\JS_1\classes\src\js\characters\Bowerman.js">
      <metrics statements="3" coveredstatements="3" conditionals="0" coveredconditionals="0" methods="1" coveredmethods="1"/>
      <line num="5" count="4" type="stmt"/>
      <line num="6" count="4" type="stmt"/>
      <line num="7" count="4" type="stmt"/>
    </file>
    <file name="Character.js" path="C:\Users\a.burtseva\Desktop\Учеба\JS_1\classes\src\js\characters\Character.js">
      <metrics statements="21" coveredstatements="21" conditionals="11" coveredconditionals="11" methods="3" coveredmethods="3"/>
      <line num="4" count="33" type="cond" truecount="5" falsecount="0"/>
      <line num="5" count="3" type="stmt"/>
      <line num="9" count="30" type="stmt"/>
      <line num="10" count="30" type="cond" truecount="2" falsecount="0"/>
      <line num="11" count="1" type="stmt"/>
      <line num="14" count="29" type="stmt"/>
      <line num="15" count="29" type="stmt"/>
      <line num="16" count="29" type="stmt"/>
      <line num="17" count="29" type="stmt"/>
      <line num="18" count="29" type="stmt"/>
      <line num="19" count="29" type="stmt"/>
      <line num="23" count="10" type="cond" truecount="2" falsecount="0"/>
      <line num="24" count="3" type="stmt"/>
      <line num="27" count="7" type="stmt"/>
      <line num="28" count="7" type="stmt"/>
      <line num="29" count="7" type="stmt"/>
      <line num="30" count="7" type="stmt"/>
      <line num="34" count="16" type="cond" truecount="2" falsecount="0"/>
      <line num="35" count="2" type="stmt"/>
      <line num="38" count="14" type="stmt"/>
      <line num="39" count="14" type="stmt"/>
    </file>
    <file name="Daemon.js" path="C:\Users\a.burtseva\Desktop\Учеба\JS_1\classes\src\js\characters\Daemon.js">
      <metrics statements="3" coveredstatements="3" conditionals="0" coveredconditionals="0" methods="1" coveredmethods="1"/>
      <line num="5" count="2" type="stmt"/>
      <line num="6" count="2" type="stmt"/>
      <line num="7" count="2" type="stmt"/>
    </file>
    <file name="Magician.js" path="C:\Users\a.burtseva\Desktop\Учеба\JS_1\classes\src\js\characters\Magician.js">
      <metrics statements="3" coveredstatements="3" conditionals="0" coveredconditionals="0" methods="1" coveredmethods="1"/>
      <line num="5" count="4" type="stmt"/>
      <line num="6" count="4" type="stmt"/>
      <line num="7" count="4" type="stmt"/>
    </file>
    <file name="Swordsman.js" path="C:\Users\a.burtseva\Desktop\Учеба\JS_1\classes\src\js\characters\Swordsman.js">
      <metrics statements="3" coveredstatements="3" conditionals="0" coveredconditionals="0" methods="1" coveredmethods="1"/>
      <line num="5" count="4" type="stmt"/>
      <line num="6" count="4" type="stmt"/>
      <line num="7" count="4" type="stmt"/>
    </file>
    <file name="Undead.js" path="C:\Users\a.burtseva\Desktop\Учеба\JS_1\classes\src\js\characters\Undead.js">
      <metrics statements="3" coveredstatements="3" conditionals="0" coveredconditionals="0" methods="1" coveredmethods="1"/>
      <line num="5" count="1" type="stmt"/>
      <line num="6" count="1" type="stmt"/>
      <line num="7" count="1" type="stmt"/>
    </file>
    <file name="Zombie.js" path="C:\Users\a.burtseva\Desktop\Учеба\JS_1\classes\src\js\characters\Zombie.js">
      <metrics statements="3" coveredstatements="3" conditionals="0" coveredconditionals="0" methods="1" coveredmethods="1"/>
      <line num="5" count="1" type="stmt"/>
      <line num="6" count="1" type="stmt"/>
      <line num="7" count="1" type="stmt"/>
    </file>
  </project>
</coverage>
