{"C:\\Users\\a.burtseva\\Desktop\\Учеба\\JS_1\\classes\\src\\js\\characters\\Bowerman.js": {"path":"C:\\Users\\a.burtseva\\Desktop\\Учеба\\JS_1\\classes\\src\\js\\characters\\Bowerman.js","statementMap":{"0":{"start":{"line":5,"column":4},"end":{"line":5,"column":26}},"1":{"start":{"line":6,"column":4},"end":{"line":6,"column":21}},"2":{"start":{"line":7,"column":4},"end":{"line":7,"column":22}}},"fnMap":{"0":{"name":"(anonymous_0)","decl":{"start":{"line":4,"column":2},"end":{"line":4,"column":3}},"loc":{"start":{"line":4,"column":20},"end":{"line":8,"column":3}},"line":4}},"branchMap":{},"s":{"0":4,"1":4,"2":4},"f":{"0":4},"b":{},"_coverageSchema":"1a1c01bbd47fc00a2c39e90264f33305004495a9","hash":"b41ba0f2b9081fc8542b522990356ed68d5c430e"}
,"C:\\Users\\a.burtseva\\Desktop\\Учеба\\JS_1\\classes\\src\\js\\characters\\Character.js": {"path":"C:\\Users\\a.burtseva\\Desktop\\Учеба\\JS_1\\classes\\src\\js\\characters\\Character.js","statementMap":{"0":{"start":{"line":3,"column":4},"end":{"line":5,"column":5}},"1":{"start":{"line":4,"column":6},"end":{"line":4,"column":76}},"2":{"start":{"line":7,"column":23},"end":{"line":7,"column":88}},"3":{"start":{"line":8,"column":4},"end":{"line":10,"column":5}},"4":{"start":{"line":9,"column":6},"end":{"line":9,"column":76}},"5":{"start":{"line":12,"column":4},"end":{"line":12,"column":21}},"6":{"start":{"line":13,"column":4},"end":{"line":13,"column":21}},"7":{"start":{"line":14,"column":4},"end":{"line":14,"column":22}},"8":{"start":{"line":15,"column":4},"end":{"line":15,"column":19}},"9":{"start":{"line":16,"column":4},"end":{"line":16,"column":20}},"10":{"start":{"line":17,"column":4},"end":{"line":17,"column":21}},"11":{"start":{"line":21,"column":4},"end":{"line":23,"column":5}},"12":{"start":{"line":22,"column":6},"end":{"line":22,"column":66}},"13":{"start":{"line":25,"column":4},"end":{"line":25,"column":20}},"14":{"start":{"line":26,"column":4},"end":{"line":26,"column":48}},"15":{"start":{"line":27,"column":4},"end":{"line":27,"column":50}},"16":{"start":{"line":28,"column":4},"end":{"line":28,"column":22}},"17":{"start":{"line":32,"column":4},"end":{"line":34,"column":5}},"18":{"start":{"line":33,"column":6},"end":{"line":33,"column":13}},"19":{"start":{"line":36,"column":24},"end":{"line":36,"column":57}},"20":{"start":{"line":37,"column":4},"end":{"line":37,"column":57}}},"fnMap":{"0":{"name":"(anonymous_0)","decl":{"start":{"line":2,"column":2},"end":{"line":2,"column":3}},"loc":{"start":{"line":2,"column":26},"end":{"line":18,"column":3}},"line":2},"1":{"name":"(anonymous_1)","decl":{"start":{"line":20,"column":2},"end":{"line":20,"column":3}},"loc":{"start":{"line":20,"column":12},"end":{"line":29,"column":3}},"line":20},"2":{"name":"(anonymous_2)","decl":{"start":{"line":31,"column":2},"end":{"line":31,"column":3}},"loc":{"start":{"line":31,"column":17},"end":{"line":38,"column":3}},"line":31}},"branchMap":{"0":{"loc":{"start":{"line":3,"column":4},"end":{"line":5,"column":5}},"type":"if","locations":[{"start":{"line":3,"column":4},"end":{"line":5,"column":5}},{"start":{},"end":{}}],"line":3},"1":{"loc":{"start":{"line":3,"column":8},"end":{"line":3,"column":71}},"type":"binary-expr","locations":[{"start":{"line":3,"column":8},"end":{"line":3,"column":32}},{"start":{"line":3,"column":36},"end":{"line":3,"column":51}},{"start":{"line":3,"column":55},"end":{"line":3,"column":71}}],"line":3},"2":{"loc":{"start":{"line":8,"column":4},"end":{"line":10,"column":5}},"type":"if","locations":[{"start":{"line":8,"column":4},"end":{"line":10,"column":5}},{"start":{},"end":{}}],"line":8},"3":{"loc":{"start":{"line":21,"column":4},"end":{"line":23,"column":5}},"type":"if","locations":[{"start":{"line":21,"column":4},"end":{"line":23,"column":5}},{"start":{},"end":{}}],"line":21},"4":{"loc":{"start":{"line":32,"column":4},"end":{"line":34,"column":5}},"type":"if","locations":[{"start":{"line":32,"column":4},"end":{"line":34,"column":5}},{"start":{},"end":{}}],"line":32}},"s":{"0":33,"1":3,"2":30,"3":30,"4":1,"5":29,"6":29,"7":29,"8":29,"9":29,"10":29,"11":10,"12":3,"13":7,"14":7,"15":7,"16":7,"17":16,"18":2,"19":14,"20":14},"f":{"0":33,"1":10,"2":16},"b":{"0":[3,30],"1":[33,32,31],"2":[1,29],"3":[3,7],"4":[2,14]},"_coverageSchema":"1a1c01bbd47fc00a2c39e90264f33305004495a9","hash":"28c197585e9dca04cc632992c375522eff76705e"}
,"C:\\Users\\a.burtseva\\Desktop\\Учеба\\JS_1\\classes\\src\\js\\characters\\Daemon.js": {"path":"C:\\Users\\a.burtseva\\Desktop\\Учеба\\JS_1\\classes\\src\\js\\characters\\Daemon.js","statementMap":{"0":{"start":{"line":5,"column":4},"end":{"line":5,"column":26}},"1":{"start":{"line":6,"column":4},"end":{"line":6,"column":21}},"2":{"start":{"line":7,"column":4},"end":{"line":7,"column":22}}},"fnMap":{"0":{"name":"(anonymous_0)","decl":{"start":{"line":4,"column":2},"end":{"line":4,"column":3}},"loc":{"start":{"line":4,"column":20},"end":{"line":8,"column":3}},"line":4}},"branchMap":{},"s":{"0":2,"1":2,"2":2},"f":{"0":2},"b":{},"_coverageSchema":"1a1c01bbd47fc00a2c39e90264f33305004495a9","hash":"0aca5198e7c4953857c13b30cd6833cfa896406b"}
,"C:\\Users\\a.burtseva\\Desktop\\Учеба\\JS_1\\classes\\src\\js\\characters\\Magician.js": {"path":"C:\\Users\\a.burtseva\\Desktop\\Учеба\\JS_1\\classes\\src\\js\\characters\\Magician.js","statementMap":{"0":{"start":{"line":5,"column":4},"end":{"line":5,"column":28}},"1":{"start":{"line":6,"column":4},"end":{"line":6,"column":21}},"2":{"start":{"line":7,"column":4},"end":{"line":7,"column":22}}},"fnMap":{"0":{"name":"(anonymous_0)","decl":{"start":{"line":4,"column":2},"end":{"line":4,"column":3}},"loc":{"start":{"line":4,"column":20},"end":{"line":8,"column":3}},"line":4}},"branchMap":{},"s":{"0":4,"1":4,"2":4},"f":{"0":4},"b":{},"_coverageSchema":"1a1c01bbd47fc00a2c39e90264f33305004495a9","hash":"09c9a48428d857aaea18c2f9f765dd6d835e5d33"}
,"C:\\Users\\a.burtseva\\Desktop\\Учеба\\JS_1\\classes\\src\\js\\characters\\Swordsman.js": {"path":"C:\\Users\\a.burtseva\\Desktop\\Учеба\\JS_1\\classes\\src\\js\\characters\\Swordsman.js","statementMap":{"0":{"start":{"line":5,"column":4},"end":{"line":5,"column":29}},"1":{"start":{"line":6,"column":4},"end":{"line":6,"column":21}},"2":{"start":{"line":7,"column":4},"end":{"line":7,"column":22}}},"fnMap":{"0":{"name":"(anonymous_0)","decl":{"start":{"line":4,"column":2},"end":{"line":4,"column":3}},"loc":{"start":{"line":4,"column":20},"end":{"line":8,"column":3}},"line":4}},"branchMap":{},"s":{"0":4,"1":4,"2":4},"f":{"0":4},"b":{},"_coverageSchema":"1a1c01bbd47fc00a2c39e90264f33305004495a9","hash":"8f044f77c2d7e2876473c40c3e386a0c24c00b69"}
,"C:\\Users\\a.burtseva\\Desktop\\Учеба\\JS_1\\classes\\src\\js\\characters\\Undead.js": {"path":"C:\\Users\\a.burtseva\\Desktop\\Учеба\\JS_1\\classes\\src\\js\\characters\\Undead.js","statementMap":{"0":{"start":{"line":5,"column":4},"end":{"line":5,"column":26}},"1":{"start":{"line":6,"column":4},"end":{"line":6,"column":21}},"2":{"start":{"line":7,"column":4},"end":{"line":7,"column":22}}},"fnMap":{"0":{"name":"(anonymous_0)","decl":{"start":{"line":4,"column":2},"end":{"line":4,"column":3}},"loc":{"start":{"line":4,"column":20},"end":{"line":8,"column":3}},"line":4}},"branchMap":{},"s":{"0":1,"1":1,"2":1},"f":{"0":1},"b":{},"_coverageSchema":"1a1c01bbd47fc00a2c39e90264f33305004495a9","hash":"3851f377fa0fbc8b05018f45ec4e6526e21e82fc"}
,"C:\\Users\\a.burtseva\\Desktop\\Учеба\\JS_1\\classes\\src\\js\\characters\\Zombie.js": {"path":"C:\\Users\\a.burtseva\\Desktop\\Учеба\\JS_1\\classes\\src\\js\\characters\\Zombie.js","statementMap":{"0":{"start":{"line":5,"column":4},"end":{"line":5,"column":26}},"1":{"start":{"line":6,"column":4},"end":{"line":6,"column":21}},"2":{"start":{"line":7,"column":4},"end":{"line":7,"column":22}}},"fnMap":{"0":{"name":"(anonymous_0)","decl":{"start":{"line":4,"column":2},"end":{"line":4,"column":3}},"loc":{"start":{"line":4,"column":20},"end":{"line":8,"column":3}},"line":4}},"branchMap":{},"s":{"0":1,"1":1,"2":1},"f":{"0":1},"b":{},"_coverageSchema":"1a1c01bbd47fc00a2c39e90264f33305004495a9","hash":"cfd51b5cb7a64df5fc906d7d8da573be07291a5f"}
}
