TN:
SF:src\js\characters\Bowerman.js
FN:4,(anonymous_0)
FNF:1
FNH:1
FNDA:4,(anonymous_0)
DA:5,4
DA:6,4
DA:7,4
LF:3
LH:3
BRF:0
BRH:0
end_of_record
TN:
SF:src\js\characters\Character.js
FN:2,(anonymous_0)
FN:22,(anonymous_1)
FN:33,(anonymous_2)
FNF:3
FNH:3
FNDA:33,(anonymous_0)
FNDA:10,(anonymous_1)
FNDA:16,(anonymous_2)
DA:4,33
DA:5,3
DA:9,30
DA:10,30
DA:11,1
DA:14,29
DA:15,29
DA:16,29
DA:17,29
DA:18,29
DA:19,29
DA:23,10
DA:24,3
DA:27,7
DA:28,7
DA:29,7
DA:30,7
DA:34,16
DA:35,2
DA:38,14
DA:39,14
LF:21
LH:21
BRDA:4,0,0,3
BRDA:4,0,1,30
BRDA:4,1,0,33
BRDA:4,1,1,32
BRDA:4,1,2,31
BRDA:10,2,0,1
BRDA:10,2,1,29
BRDA:23,3,0,3
BRDA:23,3,1,7
BRDA:34,4,0,2
BRDA:34,4,1,14
BRF:11
BRH:11
end_of_record
TN:
SF:src\js\characters\Daemon.js
FN:4,(anonymous_0)
FNF:1
FNH:1
FNDA:2,(anonymous_0)
DA:5,2
DA:6,2
DA:7,2
LF:3
LH:3
BRF:0
BRH:0
end_of_record
TN:
SF:src\js\characters\Magician.js
FN:4,(anonymous_0)
FNF:1
FNH:1
FNDA:4,(anonymous_0)
DA:5,4
DA:6,4
DA:7,4
LF:3
LH:3
BRF:0
BRH:0
end_of_record
TN:
SF:src\js\characters\Swordsman.js
FN:4,(anonymous_0)
FNF:1
FNH:1
FNDA:4,(anonymous_0)
DA:5,4
DA:6,4
DA:7,4
LF:3
LH:3
BRF:0
BRH:0
end_of_record
TN:
SF:src\js\characters\Undead.js
FN:4,(anonymous_0)
FNF:1
FNH:1
FNDA:1,(anonymous_0)
DA:5,1
DA:6,1
DA:7,1
LF:3
LH:3
BRF:0
BRH:0
end_of_record
TN:
SF:src\js\characters\Zombie.js
FN:4,(anonymous_0)
FNF:1
FNH:1
FNDA:1,(anonymous_0)
DA:5,1
DA:6,1
DA:7,1
LF:3
LH:3
BRF:0
BRH:0
end_of_record
