TN:
SF:src\js\characters\Bowerman.js
FN:4,(anonymous_0)
FNF:1
FNH:1
FNDA:4,(anonymous_0)
DA:5,4
DA:6,4
DA:7,4
LF:3
LH:3
BRF:0
BRH:0
end_of_record
TN:
SF:src\js\characters\Character.js
FN:2,(anonymous_0)
FN:20,(anonymous_1)
FN:31,(anonymous_2)
FNF:3
FNH:3
FNDA:33,(anonymous_0)
FNDA:10,(anonymous_1)
FNDA:16,(anonymous_2)
DA:3,33
DA:4,3
DA:7,30
DA:8,30
DA:9,1
DA:12,29
DA:13,29
DA:14,29
DA:15,29
DA:16,29
DA:17,29
DA:21,10
DA:22,3
DA:25,7
DA:26,7
DA:27,7
DA:28,7
DA:32,16
DA:33,2
DA:36,14
DA:37,14
LF:21
LH:21
BRDA:3,0,0,3
BRDA:3,0,1,30
BRDA:3,1,0,33
BRDA:3,1,1,32
BRDA:3,1,2,31
BRDA:8,2,0,1
BRDA:8,2,1,29
BRDA:21,3,0,3
BRDA:21,3,1,7
BRDA:32,4,0,2
BRDA:32,4,1,14
BRF:11
BRH:11
end_of_record
TN:
SF:src\js\characters\Daemon.js
FN:4,(anonymous_0)
FNF:1
FNH:1
FNDA:2,(anonymous_0)
DA:5,2
DA:6,2
DA:7,2
LF:3
LH:3
BRF:0
BRH:0
end_of_record
TN:
SF:src\js\characters\Magician.js
FN:4,(anonymous_0)
FNF:1
FNH:1
FNDA:4,(anonymous_0)
DA:5,4
DA:6,4
DA:7,4
LF:3
LH:3
BRF:0
BRH:0
end_of_record
TN:
SF:src\js\characters\Swordsman.js
FN:4,(anonymous_0)
FNF:1
FNH:1
FNDA:4,(anonymous_0)
DA:5,4
DA:6,4
DA:7,4
LF:3
LH:3
BRF:0
BRH:0
end_of_record
TN:
SF:src\js\characters\Undead.js
FN:4,(anonymous_0)
FNF:1
FNH:1
FNDA:1,(anonymous_0)
DA:5,1
DA:6,1
DA:7,1
LF:3
LH:3
BRF:0
BRH:0
end_of_record
TN:
SF:src\js\characters\Zombie.js
FN:4,(anonymous_0)
FNF:1
FNH:1
FNDA:1,(anonymous_0)
DA:5,1
DA:6,1
DA:7,1
LF:3
LH:3
BRF:0
BRH:0
end_of_record
